<?xml version="1.0" encoding="UTF-8"?>
<!-- Generated by org.testng.reporters.JUnitReportReporter -->
<testsuite hostname="MAVLT1216" failures="0" tests="1" name="shopperstack.logintest.ExtentReportsClas" time="25.078" errors="0" timestamp="2023-12-23T11:39:40 IST" skipped="0">
  <testcase classname="shopperstack.logintest.ExtentReportsClas" name="demoTest" time="25.078"/>
  <system-out>
    <![CDATA[i am being called for 1 time]]>
  </system-out>
</testsuite> <!-- shopperstack.logintest.ExtentReportsClas -->
