<?xml version="1.0" encoding="UTF-8"?>
<!-- Generated by org.testng.reporters.JUnitReportReporter -->
<testsuite hostname="MAVLT1216" failures="0" tests="1" name="shopperstack.logintest.LoginTest" time="35.637" errors="0" timestamp="2023-11-11T15:20:23 IST" skipped="0">
  <testcase classname="shopperstack.logintest.LoginTest" name="loginTest" time="35.637"/>
</testsuite> <!-- shopperstack.logintest.LoginTest -->
