<?xml version="1.0" encoding="UTF-8"?>
<!-- Generated by org.testng.reporters.JUnitReportReporter -->
<testsuite hostname="MAVLT1216" failures="0" tests="2" name="shopperstack.logintest.AddAddress" time="0.007" errors="0" timestamp="2023-11-19T21:04:34 IST" skipped="0">
  <testcase classname="shopperstack.logintest.AddAddress" name="addressAddition" time="0.001">
    <system-out>
      <![CDATA[address added Successfully]]>
    </system-out>
  </testcase> <!-- addressAddition -->
  <testcase classname="shopperstack.logintest.AddAddress" name="addressAddition" time="0.006">
    <system-out>
      <![CDATA[address added Successfully]]>
    </system-out>
  </testcase> <!-- addressAddition -->
  <system-out>
    <![CDATA[address added Successfully
mens wear searched successfully
address added Successfully]]>
  </system-out>
</testsuite> <!-- shopperstack.logintest.AddAddress -->
