<?xml version="1.0" encoding="UTF-8"?>
<!-- Generated by org.testng.reporters.JUnitReportReporter -->
<testsuite hostname="MAVLT1216" failures="0" tests="1" name="shopperstack.logintest.DemoTest" time="36.610" errors="0" timestamp="2023-12-23T11:46:03 IST" skipped="0">
  <testcase classname="shopperstack.logintest.DemoTest" name="demoTest" time="36.610">
    <system-out>
      <![CDATA[demoTesttest has started
executed in Successfully
demoTesttest is successfully executed]]>
    </system-out>
  </testcase> <!-- demoTest -->
  <system-out>
    <![CDATA[Default suite has started
i am being called for 1 time
demoTesttest has started
executed in Successfully
demoTesttest is successfully executed]]>
  </system-out>
</testsuite> <!-- shopperstack.logintest.DemoTest -->
