<?xml version="1.0" encoding="UTF-8"?>
<!-- Generated by org.testng.reporters.JUnitReportReporter -->
<testsuite hostname="MAVLT1216" failures="0" tests="1" name="shopperstack.logintest.ProductSearch" time="0.001" errors="0" timestamp="2023-11-18T17:32:03 IST" skipped="0">
  <testcase classname="shopperstack.logintest.ProductSearch" name="searchProduct" time="0.001">
    <system-out>
      <![CDATA[Product searched  Successfully]]>
    </system-out>
  </testcase> <!-- searchProduct -->
  <system-out>
    <![CDATA[address added Successfully
Product searched  Successfully]]>
  </system-out>
</testsuite> <!-- shopperstack.logintest.ProductSearch -->
