<?xml version="1.0" encoding="UTF-8"?>
<!-- Generated by org.testng.reporters.JUnitReportReporter -->
<testsuite hostname="MAVLT1216" failures="0" tests="3" name="shopperstack.logintest.DataProviderTest" time="47.522" errors="0" timestamp="2023-12-02T15:28:23 IST" skipped="0">
  <testcase classname="shopperstack.logintest.DataProviderTest" name="loginTestt" time="18.077"/>
  <testcase classname="shopperstack.logintest.DataProviderTest" name="loginTestt" time="15.906"/>
  <testcase classname="shopperstack.logintest.DataProviderTest" name="loginTestt" time="13.539"/>
</testsuite> <!-- shopperstack.logintest.DataProviderTest -->
